2022-05-07 13:54:34 | WARN  | main | TID: N/A | com.alibaba.cloud.nacos.client.NacosPropertySourceBuilder | Ignore the empty nacos configuration and get it based on dataId[calculators] & group[DEFAULT_GROUP]
2022-05-07 13:54:34 | WARN  | main | TID: N/A | com.alibaba.cloud.nacos.client.NacosPropertySourceBuilder | Ignore the empty nacos configuration and get it based on dataId[calculators.yml] & group[DEFAULT_GROUP]
2022-05-07 13:54:34 | INFO  | main | TID: N/A | org.springframework.cloud.bootstrap.config.PropertySourceBootstrapConfiguration | Located property source: [BootstrapPropertySource {name='bootstrapProperties-calculators-uat.yml,DEFAULT_GROUP'}, BootstrapPropertySource {name='bootstrapProperties-calculators.yml,DEFAULT_GROUP'}, BootstrapPropertySource {name='bootstrapProperties-calculators,DEFAULT_GROUP'}, BootstrapPropertySource {name='bootstrapProperties-core-common-mysql-uat.yml,DEFAULT_GROUP'}]
2022-05-07 13:54:34 | INFO  | main | TID: N/A | com.wowoohr.calculators.CalculatorsApplication | The following profiles are active: uat
2022-05-07 13:54:35 | INFO  | main | TID: N/A | org.springframework.data.repository.config.RepositoryConfigurationDelegate | Multiple Spring Data modules found, entering strict repository configuration mode!
2022-05-07 13:54:35 | INFO  | main | TID: N/A | org.springframework.data.repository.config.RepositoryConfigurationDelegate | Bootstrapping Spring Data Redis repositories in DEFAULT mode.
2022-05-07 13:54:35 | INFO  | main | TID: N/A | org.springframework.data.repository.config.RepositoryConfigurationDelegate | Finished Spring Data repository scanning in 14ms. Found 0 Redis repository interfaces.
2022-05-07 13:54:35 | WARN  | main | TID: N/A | org.springframework.boot.actuate.endpoint.EndpointId | Endpoint ID 'service-registry' contains invalid characters, please migrate to a valid format.
2022-05-07 13:54:35 | INFO  | main | TID: N/A | org.springframework.cloud.context.scope.GenericScope | BeanFactory id=a24a2d65-2dcf-3f08-b185-edb49363ada6
2022-05-07 13:54:36 | INFO  | main | TID: N/A | org.springframework.boot.web.embedded.tomcat.TomcatWebServer | Tomcat initialized with port(s): 8080 (http)
2022-05-07 13:54:36 | INFO  | main | TID: N/A | org.apache.coyote.http11.Http11NioProtocol | Initializing ProtocolHandler ["http-nio-8080"]
2022-05-07 13:54:36 | INFO  | main | TID: N/A | org.apache.catalina.core.StandardService | Starting service [Tomcat]
2022-05-07 13:54:36 | INFO  | main | TID: N/A | org.apache.catalina.core.StandardEngine | Starting Servlet engine: [Apache Tomcat/9.0.37]
2022-05-07 13:54:36 | INFO  | main | TID: N/A | org.apache.catalina.core.ContainerBase.[Tomcat].[localhost].[/] | Initializing Spring embedded WebApplicationContext
2022-05-07 13:54:36 | INFO  | main | TID: N/A | org.springframework.boot.web.servlet.context.ServletWebServerApplicationContext | Root WebApplicationContext: initialization completed in 1651 ms
2022-05-07 13:54:37 | INFO  | main | TID: N/A | org.springframework.boot.actuate.endpoint.web.EndpointLinksResolver | Exposing 1 endpoint(s) beneath base path '/actuator'
2022-05-07 13:54:37 | WARN  | main | TID: N/A | com.netflix.config.sources.URLConfigurationSource | No URLs will be polled as dynamic configuration sources.
2022-05-07 13:54:37 | INFO  | main | TID: N/A | com.netflix.config.sources.URLConfigurationSource | To enable URLs as dynamic configuration sources, define System property archaius.configurationSource.additionalUrls or make config.properties available on classpath.
2022-05-07 13:54:37 | WARN  | main | TID: N/A | com.netflix.config.sources.URLConfigurationSource | No URLs will be polled as dynamic configuration sources.
2022-05-07 13:54:37 | INFO  | main | TID: N/A | com.netflix.config.sources.URLConfigurationSource | To enable URLs as dynamic configuration sources, define System property archaius.configurationSource.additionalUrls or make config.properties available on classpath.
2022-05-07 13:54:37 | INFO  | main | TID: N/A | org.springframework.scheduling.concurrent.ThreadPoolTaskExecutor | Initializing ExecutorService 'applicationTaskExecutor'
2022-05-07 13:54:37 | INFO  | main | TID: N/A | org.springframework.scheduling.concurrent.ThreadPoolTaskScheduler | Initializing ExecutorService 'Nacos-Watch-Task-Scheduler'
2022-05-07 13:54:37 | WARN  | main | TID: N/A | org.apache.rocketmq.spring.autoconfigure.RocketMQAutoConfiguration | The necessary spring property 'rocketmq.name-server' is not defined, all rockertmq beans creation are skipped!
2022-05-07 13:54:38 | INFO  | main | TID: N/A | org.apache.coyote.http11.Http11NioProtocol | Starting ProtocolHandler ["http-nio-8080"]
2022-05-07 13:54:38 | INFO  | main | TID: N/A | org.springframework.boot.web.embedded.tomcat.TomcatWebServer | Tomcat started on port(s): 8080 (http) with context path ''
2022-05-07 13:54:38 | INFO  | main | TID: N/A | com.alibaba.cloud.nacos.registry.NacosServiceRegistry | nacos registry, DEFAULT_GROUP calculators 192.168.3.6:8080 register finished
2022-05-07 13:54:38 | INFO  | main | TID: N/A | com.wowoohr.calculators.CalculatorsApplication | Started CalculatorsApplication in 5.691 seconds (JVM running for 6.733)
2022-05-07 13:54:39 | INFO  | RMI TCP Connection(2)-127.0.0.1 | TID: N/A | org.apache.catalina.core.ContainerBase.[Tomcat].[localhost].[/] | Initializing Spring DispatcherServlet 'dispatcherServlet'
2022-05-07 13:54:39 | INFO  | RMI TCP Connection(2)-127.0.0.1 | TID: N/A | org.springframework.web.servlet.DispatcherServlet | Initializing Servlet 'dispatcherServlet'
2022-05-07 13:54:39 | INFO  | RMI TCP Connection(2)-127.0.0.1 | TID: N/A | org.springframework.web.servlet.DispatcherServlet | Completed initialization in 6 ms
2022-05-07 13:54:39 | INFO  | RMI TCP Connection(3)-127.0.0.1 | TID: N/A | com.alibaba.druid.pool.DruidDataSource | {dataSource-1} inited
2022-05-07 13:59:02 | WARN  | Thread-26 | TID: N/A | com.alibaba.nacos.common.notify.NotifyCenter | [NotifyCenter] Start destroying Publisher
2022-05-07 13:59:02 | WARN  | Thread-26 | TID: N/A | com.alibaba.nacos.common.notify.NotifyCenter | [NotifyCenter] Destruction of the end
2022-05-07 13:59:02 | WARN  | Thread-7 | TID: N/A | com.alibaba.nacos.common.http.HttpClientBeanHolder | [HttpClientBeanHolder] Start destroying common HttpClient
2022-05-07 13:59:02 | WARN  | Thread-7 | TID: N/A | com.alibaba.nacos.common.http.HttpClientBeanHolder | [HttpClientBeanHolder] Destruction of the end
2022-05-07 13:59:02 | INFO  | SpringContextShutdownHook | TID: N/A | org.springframework.scheduling.concurrent.ThreadPoolTaskScheduler | Shutting down ExecutorService 'Nacos-Watch-Task-Scheduler'
2022-05-07 13:59:02 | INFO  | SpringContextShutdownHook | TID: N/A | com.alibaba.cloud.nacos.registry.NacosServiceRegistry | De-registering from Nacos Server now...
2022-05-07 15:33:26 | WARN  | main | TID: N/A | com.alibaba.cloud.nacos.client.NacosPropertySourceBuilder | Ignore the empty nacos configuration and get it based on dataId[calculators] & group[DEFAULT_GROUP]
2022-05-07 15:33:26 | WARN  | main | TID: N/A | com.alibaba.cloud.nacos.client.NacosPropertySourceBuilder | Ignore the empty nacos configuration and get it based on dataId[calculators.yml] & group[DEFAULT_GROUP]
2022-05-07 15:33:26 | INFO  | main | TID: N/A | org.springframework.cloud.bootstrap.config.PropertySourceBootstrapConfiguration | Located property source: [BootstrapPropertySource {name='bootstrapProperties-calculators-uat.yml,DEFAULT_GROUP'}, BootstrapPropertySource {name='bootstrapProperties-calculators.yml,DEFAULT_GROUP'}, BootstrapPropertySource {name='bootstrapProperties-calculators,DEFAULT_GROUP'}, BootstrapPropertySource {name='bootstrapProperties-core-common-mysql-uat.yml,DEFAULT_GROUP'}]
2022-05-07 15:33:26 | INFO  | main | TID: N/A | com.wowoohr.calculators.CalculatorsApplication | The following profiles are active: uat
2022-05-07 15:33:27 | INFO  | main | TID: N/A | org.springframework.data.repository.config.RepositoryConfigurationDelegate | Multiple Spring Data modules found, entering strict repository configuration mode!
2022-05-07 15:33:27 | INFO  | main | TID: N/A | org.springframework.data.repository.config.RepositoryConfigurationDelegate | Bootstrapping Spring Data Redis repositories in DEFAULT mode.
2022-05-07 15:33:27 | INFO  | main | TID: N/A | org.springframework.data.repository.config.RepositoryConfigurationDelegate | Finished Spring Data repository scanning in 15ms. Found 0 Redis repository interfaces.
2022-05-07 15:33:27 | WARN  | main | TID: N/A | org.springframework.boot.actuate.endpoint.EndpointId | Endpoint ID 'service-registry' contains invalid characters, please migrate to a valid format.
2022-05-07 15:33:27 | INFO  | main | TID: N/A | org.springframework.cloud.context.scope.GenericScope | BeanFactory id=200a3e31-123b-3a52-92ec-c0e525a17df7
2022-05-07 15:33:28 | INFO  | main | TID: N/A | org.springframework.boot.web.embedded.tomcat.TomcatWebServer | Tomcat initialized with port(s): 8080 (http)
2022-05-07 15:33:28 | INFO  | main | TID: N/A | org.apache.coyote.http11.Http11NioProtocol | Initializing ProtocolHandler ["http-nio-8080"]
2022-05-07 15:33:28 | INFO  | main | TID: N/A | org.apache.catalina.core.StandardService | Starting service [Tomcat]
2022-05-07 15:33:28 | INFO  | main | TID: N/A | org.apache.catalina.core.StandardEngine | Starting Servlet engine: [Apache Tomcat/9.0.37]
2022-05-07 15:33:28 | INFO  | main | TID: N/A | org.apache.catalina.core.ContainerBase.[Tomcat].[localhost].[/] | Initializing Spring embedded WebApplicationContext
2022-05-07 15:33:28 | INFO  | main | TID: N/A | org.springframework.boot.web.servlet.context.ServletWebServerApplicationContext | Root WebApplicationContext: initialization completed in 1703 ms
2022-05-07 15:33:29 | INFO  | main | TID: N/A | org.springframework.boot.actuate.endpoint.web.EndpointLinksResolver | Exposing 1 endpoint(s) beneath base path '/actuator'
2022-05-07 15:33:29 | WARN  | main | TID: N/A | com.netflix.config.sources.URLConfigurationSource | No URLs will be polled as dynamic configuration sources.
2022-05-07 15:33:29 | INFO  | main | TID: N/A | com.netflix.config.sources.URLConfigurationSource | To enable URLs as dynamic configuration sources, define System property archaius.configurationSource.additionalUrls or make config.properties available on classpath.
2022-05-07 15:33:29 | WARN  | main | TID: N/A | com.netflix.config.sources.URLConfigurationSource | No URLs will be polled as dynamic configuration sources.
2022-05-07 15:33:29 | INFO  | main | TID: N/A | com.netflix.config.sources.URLConfigurationSource | To enable URLs as dynamic configuration sources, define System property archaius.configurationSource.additionalUrls or make config.properties available on classpath.
2022-05-07 15:33:29 | INFO  | main | TID: N/A | org.springframework.scheduling.concurrent.ThreadPoolTaskExecutor | Initializing ExecutorService 'applicationTaskExecutor'
2022-05-07 15:33:29 | INFO  | main | TID: N/A | org.springframework.scheduling.concurrent.ThreadPoolTaskScheduler | Initializing ExecutorService 'Nacos-Watch-Task-Scheduler'
2022-05-07 15:33:29 | WARN  | main | TID: N/A | org.apache.rocketmq.spring.autoconfigure.RocketMQAutoConfiguration | The necessary spring property 'rocketmq.name-server' is not defined, all rockertmq beans creation are skipped!
2022-05-07 15:33:30 | INFO  | main | TID: N/A | org.apache.coyote.http11.Http11NioProtocol | Starting ProtocolHandler ["http-nio-8080"]
2022-05-07 15:33:30 | INFO  | main | TID: N/A | org.springframework.boot.web.embedded.tomcat.TomcatWebServer | Tomcat started on port(s): 8080 (http) with context path ''
2022-05-07 15:33:30 | INFO  | main | TID: N/A | com.alibaba.cloud.nacos.registry.NacosServiceRegistry | nacos registry, DEFAULT_GROUP calculators 192.168.3.6:8080 register finished
2022-05-07 15:33:30 | INFO  | main | TID: N/A | com.wowoohr.calculators.CalculatorsApplication | Started CalculatorsApplication in 6.008 seconds (JVM running for 7.102)
2022-05-07 15:33:31 | INFO  | RMI TCP Connection(3)-127.0.0.1 | TID: N/A | org.apache.catalina.core.ContainerBase.[Tomcat].[localhost].[/] | Initializing Spring DispatcherServlet 'dispatcherServlet'
2022-05-07 15:33:31 | INFO  | RMI TCP Connection(3)-127.0.0.1 | TID: N/A | org.springframework.web.servlet.DispatcherServlet | Initializing Servlet 'dispatcherServlet'
2022-05-07 15:33:31 | INFO  | RMI TCP Connection(3)-127.0.0.1 | TID: N/A | org.springframework.web.servlet.DispatcherServlet | Completed initialization in 6 ms
2022-05-07 15:33:31 | INFO  | RMI TCP Connection(2)-127.0.0.1 | TID: N/A | com.alibaba.druid.pool.DruidDataSource | {dataSource-1} inited
2022-05-07 15:59:24 | WARN  | Thread-7 | TID: N/A | com.alibaba.nacos.common.http.HttpClientBeanHolder | [HttpClientBeanHolder] Start destroying common HttpClient
2022-05-07 15:59:24 | WARN  | Thread-7 | TID: N/A | com.alibaba.nacos.common.http.HttpClientBeanHolder | [HttpClientBeanHolder] Destruction of the end
2022-05-07 15:59:24 | WARN  | Thread-27 | TID: N/A | com.alibaba.nacos.common.notify.NotifyCenter | [NotifyCenter] Start destroying Publisher
2022-05-07 15:59:24 | WARN  | Thread-27 | TID: N/A | com.alibaba.nacos.common.notify.NotifyCenter | [NotifyCenter] Destruction of the end
2022-05-07 15:59:24 | INFO  | SpringContextShutdownHook | TID: N/A | org.springframework.scheduling.concurrent.ThreadPoolTaskScheduler | Shutting down ExecutorService 'Nacos-Watch-Task-Scheduler'
2022-05-07 15:59:24 | INFO  | SpringContextShutdownHook | TID: N/A | com.alibaba.cloud.nacos.registry.NacosServiceRegistry | De-registering from Nacos Server now...
2022-05-07 15:59:24 | INFO  | SpringContextShutdownHook | TID: N/A | com.alibaba.cloud.nacos.registry.NacosServiceRegistry | De-registration finished.
2022-05-07 16:02:22 | WARN  | main | TID: N/A | com.alibaba.cloud.nacos.client.NacosPropertySourceBuilder | Ignore the empty nacos configuration and get it based on dataId[calculators] & group[DEFAULT_GROUP]
2022-05-07 16:02:22 | WARN  | main | TID: N/A | com.alibaba.cloud.nacos.client.NacosPropertySourceBuilder | Ignore the empty nacos configuration and get it based on dataId[calculators.yml] & group[DEFAULT_GROUP]
2022-05-07 16:02:22 | INFO  | main | TID: N/A | org.springframework.cloud.bootstrap.config.PropertySourceBootstrapConfiguration | Located property source: [BootstrapPropertySource {name='bootstrapProperties-calculators-uat.yml,DEFAULT_GROUP'}, BootstrapPropertySource {name='bootstrapProperties-calculators.yml,DEFAULT_GROUP'}, BootstrapPropertySource {name='bootstrapProperties-calculators,DEFAULT_GROUP'}, BootstrapPropertySource {name='bootstrapProperties-core-common-mysql-uat.yml,DEFAULT_GROUP'}]
2022-05-07 16:02:22 | INFO  | main | TID: N/A | com.wowoohr.calculators.CalculatorsApplication | The following profiles are active: uat
2022-05-07 16:02:23 | INFO  | main | TID: N/A | org.springframework.data.repository.config.RepositoryConfigurationDelegate | Multiple Spring Data modules found, entering strict repository configuration mode!
2022-05-07 16:02:23 | INFO  | main | TID: N/A | org.springframework.data.repository.config.RepositoryConfigurationDelegate | Bootstrapping Spring Data Redis repositories in DEFAULT mode.
2022-05-07 16:02:23 | INFO  | main | TID: N/A | org.springframework.data.repository.config.RepositoryConfigurationDelegate | Finished Spring Data repository scanning in 17ms. Found 0 Redis repository interfaces.
2022-05-07 16:02:23 | WARN  | main | TID: N/A | org.springframework.boot.actuate.endpoint.EndpointId | Endpoint ID 'service-registry' contains invalid characters, please migrate to a valid format.
2022-05-07 16:02:23 | INFO  | main | TID: N/A | org.springframework.cloud.context.scope.GenericScope | BeanFactory id=d4154b2d-e11b-3c8e-b132-5ddacc864b98
2022-05-07 16:02:24 | INFO  | main | TID: N/A | org.springframework.boot.web.embedded.tomcat.TomcatWebServer | Tomcat initialized with port(s): 8080 (http)
2022-05-07 16:02:24 | INFO  | main | TID: N/A | org.apache.coyote.http11.Http11NioProtocol | Initializing ProtocolHandler ["http-nio-8080"]
2022-05-07 16:02:24 | INFO  | main | TID: N/A | org.apache.catalina.core.StandardService | Starting service [Tomcat]
2022-05-07 16:02:24 | INFO  | main | TID: N/A | org.apache.catalina.core.StandardEngine | Starting Servlet engine: [Apache Tomcat/9.0.37]
2022-05-07 16:02:24 | INFO  | main | TID: N/A | org.apache.catalina.core.ContainerBase.[Tomcat].[localhost].[/] | Initializing Spring embedded WebApplicationContext
2022-05-07 16:02:24 | INFO  | main | TID: N/A | org.springframework.boot.web.servlet.context.ServletWebServerApplicationContext | Root WebApplicationContext: initialization completed in 1925 ms
2022-05-07 16:02:24 | WARN  | main | TID: N/A | org.springframework.boot.web.servlet.context.AnnotationConfigServletWebServerApplicationContext | Exception encountered during context initialization - cancelling refresh attempt: org.springframework.beans.factory.BeanCreationException: Error creating bean with name 'TCityController': Injection of resource dependencies failed; nested exception is org.springframework.beans.factory.BeanCreationException: Error creating bean with name 'TCityServiceImpl': Injection of resource dependencies failed; nested exception is org.springframework.beans.factory.UnsatisfiedDependencyException: Error creating bean with name 'TCityMapper' defined in file [/Users/chenhaomu/gityunxiao/general-calculators/calculators-service/target/classes/com/wowoohr/calculators/mapper/TCityMapper.class]: Unsatisfied dependency expressed through bean property 'sqlSessionFactory'; nested exception is org.springframework.beans.factory.BeanCreationException: Error creating bean with name 'sqlSessionFactory' defined in class path resource [com/wowoohr/calculators/config/MybatisPlusConfig.class]: Bean instantiation via factory method failed; nested exception is org.springframework.beans.BeanInstantiationException: Failed to instantiate [org.apache.ibatis.session.SqlSessionFactory]: Factory method 'sqlSessionFactory' threw exception; nested exception is org.springframework.boot.context.properties.ConfigurationPropertiesBindException: Error creating bean with name 'my-baseService': Could not bind properties to 'DataSource' : prefix=spring.datasource.druid.my-baseService, ignoreInvalidFields=false, ignoreUnknownFields=true; nested exception is org.springframework.boot.context.properties.source.InvalidConfigurationPropertyNameException: Configuration property name 'spring.datasource.druid.my-baseService' is not valid
2022-05-07 16:02:24 | INFO  | main | TID: N/A | org.apache.catalina.core.StandardService | Stopping service [Tomcat]
2022-05-07 16:02:24 | INFO  | main | TID: N/A | org.springframework.boot.autoconfigure.logging.ConditionEvaluationReportLoggingListener | 

Error starting ApplicationContext. To display the conditions report re-run your application with 'debug' enabled.
2022-05-07 16:02:24 | ERROR | main | TID: N/A | org.springframework.boot.diagnostics.LoggingFailureAnalysisReporter | 

***************************
APPLICATION FAILED TO START
***************************

Description:

Configuration property name 'spring.datasource.druid.my-baseService' is not valid:

    Invalid characters: 'S'
    Bean: TCityController
    Reason: Canonical names should be kebab-case ('-' separated), lowercase alpha-numeric characters and must start with a letter

Action:

Modify 'spring.datasource.druid.my-baseService' so that it conforms to the canonical names requirements.

2022-05-07 16:02:24 | WARN  | Thread-6 | TID: N/A | com.alibaba.nacos.common.http.HttpClientBeanHolder | [HttpClientBeanHolder] Start destroying common HttpClient
2022-05-07 16:02:24 | WARN  | Thread-6 | TID: N/A | com.alibaba.nacos.common.http.HttpClientBeanHolder | [HttpClientBeanHolder] Destruction of the end
2022-05-07 16:03:52 | WARN  | main | TID: N/A | com.alibaba.cloud.nacos.client.NacosPropertySourceBuilder | Ignore the empty nacos configuration and get it based on dataId[calculators] & group[DEFAULT_GROUP]
2022-05-07 16:03:52 | WARN  | main | TID: N/A | com.alibaba.cloud.nacos.client.NacosPropertySourceBuilder | Ignore the empty nacos configuration and get it based on dataId[calculators.yml] & group[DEFAULT_GROUP]
2022-05-07 16:03:52 | INFO  | main | TID: N/A | org.springframework.cloud.bootstrap.config.PropertySourceBootstrapConfiguration | Located property source: [BootstrapPropertySource {name='bootstrapProperties-calculators-uat.yml,DEFAULT_GROUP'}, BootstrapPropertySource {name='bootstrapProperties-calculators.yml,DEFAULT_GROUP'}, BootstrapPropertySource {name='bootstrapProperties-calculators,DEFAULT_GROUP'}, BootstrapPropertySource {name='bootstrapProperties-core-common-mysql-uat.yml,DEFAULT_GROUP'}]
2022-05-07 16:03:52 | INFO  | main | TID: N/A | com.wowoohr.calculators.CalculatorsApplication | The following profiles are active: uat
2022-05-07 16:03:53 | INFO  | main | TID: N/A | org.springframework.data.repository.config.RepositoryConfigurationDelegate | Multiple Spring Data modules found, entering strict repository configuration mode!
2022-05-07 16:03:53 | INFO  | main | TID: N/A | org.springframework.data.repository.config.RepositoryConfigurationDelegate | Bootstrapping Spring Data Redis repositories in DEFAULT mode.
2022-05-07 16:03:53 | INFO  | main | TID: N/A | org.springframework.data.repository.config.RepositoryConfigurationDelegate | Finished Spring Data repository scanning in 20ms. Found 0 Redis repository interfaces.
2022-05-07 16:03:54 | WARN  | main | TID: N/A | org.springframework.boot.actuate.endpoint.EndpointId | Endpoint ID 'service-registry' contains invalid characters, please migrate to a valid format.
2022-05-07 16:03:54 | INFO  | main | TID: N/A | org.springframework.cloud.context.scope.GenericScope | BeanFactory id=7fdf590d-2dfd-36f5-ac81-db745a0a6bf4
2022-05-07 16:03:54 | INFO  | main | TID: N/A | org.springframework.boot.web.embedded.tomcat.TomcatWebServer | Tomcat initialized with port(s): 8080 (http)
2022-05-07 16:03:54 | INFO  | main | TID: N/A | org.apache.coyote.http11.Http11NioProtocol | Initializing ProtocolHandler ["http-nio-8080"]
2022-05-07 16:03:54 | INFO  | main | TID: N/A | org.apache.catalina.core.StandardService | Starting service [Tomcat]
2022-05-07 16:03:54 | INFO  | main | TID: N/A | org.apache.catalina.core.StandardEngine | Starting Servlet engine: [Apache Tomcat/9.0.37]
2022-05-07 16:03:54 | INFO  | main | TID: N/A | org.apache.catalina.core.ContainerBase.[Tomcat].[localhost].[/] | Initializing Spring embedded WebApplicationContext
2022-05-07 16:03:54 | INFO  | main | TID: N/A | org.springframework.boot.web.servlet.context.ServletWebServerApplicationContext | Root WebApplicationContext: initialization completed in 1857 ms
2022-05-07 16:03:55 | WARN  | main | TID: N/A | org.springframework.boot.web.servlet.context.AnnotationConfigServletWebServerApplicationContext | Exception encountered during context initialization - cancelling refresh attempt: org.springframework.beans.factory.BeanCreationException: Error creating bean with name 'TCityController': Injection of resource dependencies failed; nested exception is org.springframework.beans.factory.BeanCreationException: Error creating bean with name 'TCityServiceImpl': Injection of resource dependencies failed; nested exception is org.springframework.beans.factory.UnsatisfiedDependencyException: Error creating bean with name 'TCityMapper' defined in file [/Users/chenhaomu/gityunxiao/general-calculators/calculators-service/target/classes/com/wowoohr/calculators/mapper/TCityMapper.class]: Unsatisfied dependency expressed through bean property 'sqlSessionFactory'; nested exception is org.springframework.beans.factory.BeanCreationException: Error creating bean with name 'sqlSessionFactory' defined in class path resource [com/wowoohr/calculators/config/MybatisPlusConfig.class]: Bean instantiation via factory method failed; nested exception is org.springframework.beans.BeanInstantiationException: Failed to instantiate [org.apache.ibatis.session.SqlSessionFactory]: Factory method 'sqlSessionFactory' threw exception; nested exception is org.springframework.beans.factory.BeanCreationException: Error creating bean with name 'my-baseservice' defined in class path resource [com/wowoohr/calculators/config/MybatisPlusConfig.class]: Initialization of bean failed; nested exception is org.springframework.beans.factory.BeanCreationException: Error creating bean with name 'org.springframework.boot.autoconfigure.jdbc.DataSourceInitializerInvoker': Invocation of init method failed; nested exception is org.springframework.beans.factory.UnsatisfiedDependencyException: Error creating bean with name 'multipleDataSource' defined in class path resource [com/wowoohr/calculators/config/MybatisPlusConfig.class]: Unsatisfied dependency expressed through method 'multipleDataSource' parameter 1; nested exception is org.springframework.beans.factory.BeanCreationException: Error creating bean with name 'family-contribution' defined in class path resource [com/wowoohr/calculators/config/MybatisPlusConfig.class]: Invocation of init method failed; nested exception is org.springframework.boot.autoconfigure.jdbc.DataSourceProperties$DataSourceBeanCreationException: Failed to determine suitable jdbc url
2022-05-07 16:03:55 | INFO  | main | TID: N/A | org.apache.catalina.core.StandardService | Stopping service [Tomcat]
2022-05-07 16:03:55 | INFO  | main | TID: N/A | org.springframework.boot.autoconfigure.logging.ConditionEvaluationReportLoggingListener | 

Error starting ApplicationContext. To display the conditions report re-run your application with 'debug' enabled.
2022-05-07 16:03:55 | ERROR | main | TID: N/A | org.springframework.boot.diagnostics.LoggingFailureAnalysisReporter | 

***************************
APPLICATION FAILED TO START
***************************

Description:

Failed to configure a DataSource: 'url' attribute is not specified and no embedded datasource could be configured.

Reason: Failed to determine suitable jdbc url


Action:

Consider the following:
	If you want an embedded database (H2, HSQL or Derby), please put it on the classpath.
	If you have database settings to be loaded from a particular profile you may need to activate it (no profiles are currently active).

2022-05-07 16:03:55 | WARN  | Thread-6 | TID: N/A | com.alibaba.nacos.common.http.HttpClientBeanHolder | [HttpClientBeanHolder] Start destroying common HttpClient
2022-05-07 16:03:55 | WARN  | Thread-6 | TID: N/A | com.alibaba.nacos.common.http.HttpClientBeanHolder | [HttpClientBeanHolder] Destruction of the end
2022-05-07 16:06:07 | WARN  | main | TID: N/A | com.alibaba.cloud.nacos.client.NacosPropertySourceBuilder | Ignore the empty nacos configuration and get it based on dataId[calculators] & group[DEFAULT_GROUP]
2022-05-07 16:06:07 | WARN  | main | TID: N/A | com.alibaba.cloud.nacos.client.NacosPropertySourceBuilder | Ignore the empty nacos configuration and get it based on dataId[calculators.yml] & group[DEFAULT_GROUP]
2022-05-07 16:06:07 | INFO  | main | TID: N/A | org.springframework.cloud.bootstrap.config.PropertySourceBootstrapConfiguration | Located property source: [BootstrapPropertySource {name='bootstrapProperties-calculators-uat.yml,DEFAULT_GROUP'}, BootstrapPropertySource {name='bootstrapProperties-calculators.yml,DEFAULT_GROUP'}, BootstrapPropertySource {name='bootstrapProperties-calculators,DEFAULT_GROUP'}, BootstrapPropertySource {name='bootstrapProperties-core-common-mysql-uat.yml,DEFAULT_GROUP'}]
2022-05-07 16:06:07 | INFO  | main | TID: N/A | com.wowoohr.calculators.CalculatorsApplication | The following profiles are active: uat
2022-05-07 16:06:08 | INFO  | main | TID: N/A | org.springframework.data.repository.config.RepositoryConfigurationDelegate | Multiple Spring Data modules found, entering strict repository configuration mode!
2022-05-07 16:06:08 | INFO  | main | TID: N/A | org.springframework.data.repository.config.RepositoryConfigurationDelegate | Bootstrapping Spring Data Redis repositories in DEFAULT mode.
2022-05-07 16:06:08 | INFO  | main | TID: N/A | org.springframework.data.repository.config.RepositoryConfigurationDelegate | Finished Spring Data repository scanning in 16ms. Found 0 Redis repository interfaces.
2022-05-07 16:06:08 | WARN  | main | TID: N/A | org.springframework.boot.actuate.endpoint.EndpointId | Endpoint ID 'service-registry' contains invalid characters, please migrate to a valid format.
2022-05-07 16:06:08 | INFO  | main | TID: N/A | org.springframework.cloud.context.scope.GenericScope | BeanFactory id=7fdf590d-2dfd-36f5-ac81-db745a0a6bf4
2022-05-07 16:06:09 | INFO  | main | TID: N/A | org.springframework.boot.web.embedded.tomcat.TomcatWebServer | Tomcat initialized with port(s): 8080 (http)
2022-05-07 16:06:09 | INFO  | main | TID: N/A | org.apache.coyote.http11.Http11NioProtocol | Initializing ProtocolHandler ["http-nio-8080"]
2022-05-07 16:06:09 | INFO  | main | TID: N/A | org.apache.catalina.core.StandardService | Starting service [Tomcat]
2022-05-07 16:06:09 | INFO  | main | TID: N/A | org.apache.catalina.core.StandardEngine | Starting Servlet engine: [Apache Tomcat/9.0.37]
2022-05-07 16:06:09 | INFO  | main | TID: N/A | org.apache.catalina.core.ContainerBase.[Tomcat].[localhost].[/] | Initializing Spring embedded WebApplicationContext
2022-05-07 16:06:09 | INFO  | main | TID: N/A | org.springframework.boot.web.servlet.context.ServletWebServerApplicationContext | Root WebApplicationContext: initialization completed in 1829 ms
2022-05-07 16:06:09 | WARN  | main | TID: N/A | org.springframework.boot.web.servlet.context.AnnotationConfigServletWebServerApplicationContext | Exception encountered during context initialization - cancelling refresh attempt: org.springframework.beans.factory.BeanCreationException: Error creating bean with name 'TCityController': Injection of resource dependencies failed; nested exception is org.springframework.beans.factory.BeanCreationException: Error creating bean with name 'TCityServiceImpl': Injection of resource dependencies failed; nested exception is org.springframework.beans.factory.UnsatisfiedDependencyException: Error creating bean with name 'TCityMapper' defined in file [/Users/chenhaomu/gityunxiao/general-calculators/calculators-service/target/classes/com/wowoohr/calculators/mapper/TCityMapper.class]: Unsatisfied dependency expressed through bean property 'sqlSessionFactory'; nested exception is org.springframework.beans.factory.BeanCreationException: Error creating bean with name 'sqlSessionFactory' defined in class path resource [com/wowoohr/calculators/config/MybatisPlusConfig.class]: Bean instantiation via factory method failed; nested exception is org.springframework.beans.BeanInstantiationException: Failed to instantiate [org.apache.ibatis.session.SqlSessionFactory]: Factory method 'sqlSessionFactory' threw exception; nested exception is org.springframework.beans.factory.BeanCreationException: Error creating bean with name 'my-baseservice' defined in class path resource [com/wowoohr/calculators/config/MybatisPlusConfig.class]: Initialization of bean failed; nested exception is org.springframework.beans.factory.BeanCreationException: Error creating bean with name 'org.springframework.boot.autoconfigure.jdbc.DataSourceInitializerInvoker': Invocation of init method failed; nested exception is org.springframework.beans.factory.UnsatisfiedDependencyException: Error creating bean with name 'multipleDataSource' defined in class path resource [com/wowoohr/calculators/config/MybatisPlusConfig.class]: Unsatisfied dependency expressed through method 'multipleDataSource' parameter 1; nested exception is org.springframework.beans.factory.BeanCreationException: Error creating bean with name 'family-contribution' defined in class path resource [com/wowoohr/calculators/config/MybatisPlusConfig.class]: Invocation of init method failed; nested exception is org.springframework.boot.autoconfigure.jdbc.DataSourceProperties$DataSourceBeanCreationException: Failed to determine suitable jdbc url
2022-05-07 16:06:09 | INFO  | main | TID: N/A | org.apache.catalina.core.StandardService | Stopping service [Tomcat]
2022-05-07 16:06:09 | INFO  | main | TID: N/A | org.springframework.boot.autoconfigure.logging.ConditionEvaluationReportLoggingListener | 

Error starting ApplicationContext. To display the conditions report re-run your application with 'debug' enabled.
2022-05-07 16:06:09 | ERROR | main | TID: N/A | org.springframework.boot.diagnostics.LoggingFailureAnalysisReporter | 

***************************
APPLICATION FAILED TO START
***************************

Description:

Failed to configure a DataSource: 'url' attribute is not specified and no embedded datasource could be configured.

Reason: Failed to determine suitable jdbc url


Action:

Consider the following:
	If you want an embedded database (H2, HSQL or Derby), please put it on the classpath.
	If you have database settings to be loaded from a particular profile you may need to activate it (no profiles are currently active).

2022-05-07 16:06:09 | WARN  | Thread-6 | TID: N/A | com.alibaba.nacos.common.http.HttpClientBeanHolder | [HttpClientBeanHolder] Start destroying common HttpClient
2022-05-07 16:06:09 | WARN  | Thread-6 | TID: N/A | com.alibaba.nacos.common.http.HttpClientBeanHolder | [HttpClientBeanHolder] Destruction of the end
